{
  "timestamp": "2025-12-01T18:31:31.401996",
  "mode": "installed",
  "version": "0.2.0",
  "location": "D:\\anaconda3\\Lib\\site-packages",
  "total_duration": 38.02,
  "summary": {
    "passed": 1,
    "failed": 15,
    "errors": 0,
    "skipped": 0
  },
  "results": [
    {
      "name": "01_single_annotation",
      "status": "failed",
      "returncode": 1,
      "duration": 2.73,
      "stdout": "Using installed CASSIA package (version: 0.1.9)\n\n============================================================\n  CASSIA TEST: 01 - Single Cluster Annotation\n============================================================\n\nConfiguration:\n  Provider: openrouter\n  Model: google/gemini-2.5-flash-lite\n  Tissue: large intestine\n  Species: human\n\nTesting single annotation for: plasma cell\nUsing top 30 markers\nLoaded 30 markers\nResults will be saved to: C:\\Users\\ellio\\OneDrive - UW-Madison\\CASSIA_enjoy\\CASSIA\\Test\\01_single_annotation\\results\\python\\installed\\20251201_183055\nConsole output logging enabled: C:\\Users\\ellio\\OneDrive - UW-Madison\\CASSIA_enjoy\\CASSIA\\Test\\01_single_annotation\\results\\python\\installed\\20251201_183055\\logs\\test_log.txt\n\nRunning runCASSIA...\n\nError: runCASSIA() got an unexpected keyword argument 'validator_involvement'\n\n[X] Test FAILED\n    Duration: 0.00s\n\nConsole output saved to: C:\\Users\\ellio\\OneDrive - UW-Madison\\CASSIA_enjoy\\CASSIA\\Test\\01_single_annotation\\results\\python\\installed\\20251201_183055\\logs\\test_log.txt\n",
      "stderr": ""
    },
    {
      "name": "02_batch_annotation",
      "status": "failed",
      "returncode": 1,
      "duration": 2.22,
      "stdout": "Using installed CASSIA package (version: 0.1.9)\n\n============================================================\n  CASSIA TEST: 02 - Batch Annotation\n============================================================\n\nConfiguration:\n  Provider: openrouter\n  Model: google/gemini-2.5-flash-lite\n  Tissue: large intestine\n  Species: human\n\nTesting batch annotation for 2 clusters:\n  - monocyte\n  - plasma cell\n\nLoaded marker data: (2, 2)\nResults will be saved to: C:\\Users\\ellio\\OneDrive - UW-Madison\\CASSIA_enjoy\\CASSIA\\Test\\02_batch_annotation\\results\\python\\installed\\20251201_183058\nConsole output logging enabled: C:\\Users\\ellio\\OneDrive - UW-Madison\\CASSIA_enjoy\\CASSIA\\Test\\02_batch_annotation\\results\\python\\installed\\20251201_183058\\logs\\test_log.txt\n\nRunning runCASSIA_batch...\n\nError: runCASSIA_batch() got an unexpected keyword argument 'validator_involvement'\n\n[X] Test FAILED\n    Duration: 0.00s\n\nConsole output saved to: C:\\Users\\ellio\\OneDrive - UW-Madison\\CASSIA_enjoy\\CASSIA\\Test\\02_batch_annotation\\results\\python\\installed\\20251201_183058\\logs\\test_log.txt\n",
      "stderr": ""
    },
    {
      "name": "03_validator_comparison",
      "status": "failed",
      "returncode": 1,
      "duration": 1.82,
      "stdout": "Using installed CASSIA package (version: 0.1.9)\n\n============================================================\n  CASSIA TEST: 03 - Validator Comparison\n============================================================\n\nConfiguration:\n  Provider: openrouter\n  Model: google/gemini-2.5-flash-lite\n  Tissue: large intestine\n  Species: human\n\nComparing validators on 6 clusters\nResults will be saved to: C:\\Users\\ellio\\OneDrive - UW-Madison\\CASSIA_enjoy\\CASSIA\\Test\\03_validator_comparison\\results\\python\\installed\\20251201_183059\nConsole output logging enabled: C:\\Users\\ellio\\OneDrive - UW-Madison\\CASSIA_enjoy\\CASSIA\\Test\\03_validator_comparison\\results\\python\\installed\\20251201_183059\\logs\\test_log.txt\n\n========================================\nTesting v0 validator (strict)\n========================================\n  Error: runCASSIA_batch() got an unexpected keyword argument 'validator_involvement'\n\n========================================\nTesting v1 validator (moderate)\n========================================\n  Error: runCASSIA_batch() got an unexpected keyword argument 'validator_involvement'\n\n========================================\nComparison Results\n========================================\n  Could not compare - one or both validators failed\n\n[X] Test FAILED\n    Duration: 0.00s\n\nConsole output saved to: C:\\Users\\ellio\\OneDrive - UW-Madison\\CASSIA_enjoy\\CASSIA\\Test\\03_validator_comparison\\results\\python\\installed\\20251201_183059\\logs\\test_log.txt\n",
      "stderr": ""
    },
    {
      "name": "04_quality_scoring",
      "status": "failed",
      "returncode": 1,
      "duration": 1.97,
      "stdout": "Using installed CASSIA package (version: 0.1.9)\n\n============================================================\n  CASSIA TEST: 04 - Quality Scoring\n============================================================\n\nConfiguration:\n  Provider: openrouter\n  Model: google/gemini-2.5-flash-lite\n  Tissue: large intestine\n  Species: human\nResults will be saved to: C:\\Users\\ellio\\OneDrive - UW-Madison\\CASSIA_enjoy\\CASSIA\\Test\\04_quality_scoring\\results\\python\\installed\\20251201_183101\nConsole output logging enabled: C:\\Users\\ellio\\OneDrive - UW-Madison\\CASSIA_enjoy\\CASSIA\\Test\\04_quality_scoring\\results\\python\\installed\\20251201_183101\\logs\\test_log.txt\n\nNo existing batch results found. Running batch annotation first...\n",
      "stderr": "Traceback (most recent call last):\n  File \"C:\\Users\\ellio\\OneDrive - UW-Madison\\CASSIA_enjoy\\CASSIA\\Test\\04_quality_scoring\\test_quality_scoring.py\", line 196, in <module>\n    success = run_quality_scoring_test()\n              ^^^^^^^^^^^^^^^^^^^^^^^^^^\n  File \"C:\\Users\\ellio\\OneDrive - UW-Madison\\CASSIA_enjoy\\CASSIA\\Test\\04_quality_scoring\\test_quality_scoring.py\", line 86, in run_quality_scoring_test\n    runCASSIA_batch(\nTypeError: runCASSIA_batch() got an unexpected keyword argument 'validator_involvement'\n"
    },
    {
      "name": "05_model_settings",
      "status": "failed",
      "returncode": 1,
      "duration": 1.75,
      "stdout": "Using installed CASSIA package (version: 0.1.9)\n\n============================================================\n  CASSIA TEST: 05 - Model Settings\n============================================================\n\nConfiguration:\n  Provider: openrouter\n  Model: google/gemini-2.5-flash-lite\n  Tissue: large intestine\n  Species: human\n",
      "stderr": "Traceback (most recent call last):\n  File \"C:\\Users\\ellio\\OneDrive - UW-Madison\\CASSIA_enjoy\\CASSIA\\Test\\05_model_settings\\test_model_settings.py\", line 366, in <module>\n    success = run_model_settings_test()\n              ^^^^^^^^^^^^^^^^^^^^^^^^^\n  File \"C:\\Users\\ellio\\OneDrive - UW-Madison\\CASSIA_enjoy\\CASSIA\\Test\\05_model_settings\\test_model_settings.py\", line 53, in run_model_settings_test\n    from CASSIA import resolve_model_name, get_recommended_model, get_available_aliases\nImportError: cannot import name 'resolve_model_name' from 'CASSIA' (D:\\anaconda3\\Lib\\site-packages\\CASSIA\\__init__.py)\n"
    },
    {
      "name": "06_annotation_boost",
      "status": "failed",
      "returncode": 1,
      "duration": 1.82,
      "stdout": "Using installed CASSIA package (version: 0.1.9)\n\n============================================================\n  CASSIA TEST: 06 - Annotation Boost\n============================================================\n\nConfiguration:\n  Provider: openrouter\n  Model: google/gemini-2.5-flash-lite\n  Tissue: large intestine\n  Species: human\nResults will be saved to: C:\\Users\\ellio\\OneDrive - UW-Madison\\CASSIA_enjoy\\CASSIA\\Test\\06_annotation_boost\\results\\python\\installed\\20251201_183105\nConsole output logging enabled: C:\\Users\\ellio\\OneDrive - UW-Madison\\CASSIA_enjoy\\CASSIA\\Test\\06_annotation_boost\\results\\python\\installed\\20251201_183105\\logs\\test_log.txt\n\nNo existing batch results found. Running batch annotation first...\n",
      "stderr": "Traceback (most recent call last):\n  File \"C:\\Users\\ellio\\OneDrive - UW-Madison\\CASSIA_enjoy\\CASSIA\\Test\\06_annotation_boost\\test_annotation_boost.py\", line 225, in <module>\n    success = run_annotation_boost_test()\n              ^^^^^^^^^^^^^^^^^^^^^^^^^^^\n  File \"C:\\Users\\ellio\\OneDrive - UW-Madison\\CASSIA_enjoy\\CASSIA\\Test\\06_annotation_boost\\test_annotation_boost.py\", line 95, in run_annotation_boost_test\n    runCASSIA_batch(\nTypeError: runCASSIA_batch() got an unexpected keyword argument 'validator_involvement'\n"
    },
    {
      "name": "07_merging_annotation",
      "status": "failed",
      "returncode": 1,
      "duration": 1.65,
      "stdout": "Using installed CASSIA package (version: 0.1.9)\n\n============================================================\n  CASSIA TEST: 07 - Merging Annotation\n============================================================\n\nConfiguration:\n  Provider: openrouter\n  Model: google/gemini-2.5-flash-lite\n  Tissue: large intestine\n  Species: human\n",
      "stderr": "Traceback (most recent call last):\n  File \"C:\\Users\\ellio\\OneDrive - UW-Madison\\CASSIA_enjoy\\CASSIA\\Test\\07_merging_annotation\\test_merging_annotation.py\", line 248, in <module>\n    success = run_merging_annotation_test()\n              ^^^^^^^^^^^^^^^^^^^^^^^^^^^^^\n  File \"C:\\Users\\ellio\\OneDrive - UW-Madison\\CASSIA_enjoy\\CASSIA\\Test\\07_merging_annotation\\test_merging_annotation.py\", line 62, in run_merging_annotation_test\n    from CASSIA import merge_annotations, merge_annotations_all\nImportError: cannot import name 'merge_annotations' from 'CASSIA' (D:\\anaconda3\\Lib\\site-packages\\CASSIA\\__init__.py)\n"
    },
    {
      "name": "08_uncertainty_quantification",
      "status": "failed",
      "returncode": 1,
      "duration": 1.93,
      "stdout": "Using installed CASSIA package (version: 0.1.9)\n\n============================================================\n  CASSIA TEST: 08 - Uncertainty Quantification\n============================================================\n\nConfiguration:\n  Provider: openrouter\n  Model: google/gemini-2.5-flash-lite\n  Tissue: large intestine\n  Species: human\nResults will be saved to: C:\\Users\\ellio\\OneDrive - UW-Madison\\CASSIA_enjoy\\CASSIA\\Test\\08_uncertainty_quantification\\results\\python\\installed\\20251201_183109\nConsole output logging enabled: C:\\Users\\ellio\\OneDrive - UW-Madison\\CASSIA_enjoy\\CASSIA\\Test\\08_uncertainty_quantification\\results\\python\\installed\\20251201_183109\\logs\\test_log.txt\n\n--- Test: runCASSIA_n_times_similarity_score ---\n  Cluster: plasma cell\n  Model: google/gemini-2.5-flash-lite\n  Provider: openrouter\n  N iterations: 3 (reduced for testing)\n\nError: runCASSIA_n_times_similarity_score() got an unexpected keyword argument 'validator_involvement'\n\n[X] Test FAILED\n    Duration: 0.00s\n\nConsole output saved to: C:\\Users\\ellio\\OneDrive - UW-Madison\\CASSIA_enjoy\\CASSIA\\Test\\08_uncertainty_quantification\\results\\python\\installed\\20251201_183109\\logs\\test_log.txt\n",
      "stderr": "Traceback (most recent call last):\n  File \"C:\\Users\\ellio\\OneDrive - UW-Madison\\CASSIA_enjoy\\CASSIA\\Test\\08_uncertainty_quantification\\test_uncertainty_quantification.py\", line 90, in run_uncertainty_quantification_test\n    result = runCASSIA_n_times_similarity_score(\n             ^^^^^^^^^^^^^^^^^^^^^^^^^^^^^^^^^^^\nTypeError: runCASSIA_n_times_similarity_score() got an unexpected keyword argument 'validator_involvement'\n"
    },
    {
      "name": "09_subclustering",
      "status": "passed",
      "returncode": 0,
      "duration": 9.61,
      "stdout": " like SOX10, SOX2, and FOXD3, which are critical for neural crest cell fate. Markers like PTPRZ1, CDH2 (N-cadherin), CRTAC1, MEGF10, NRXN1, L1CAM, and various cell adhesion molecules are characteristic of neural crest-derived cells, including melanocytes, Schwann cells, and potentially some mesenchymal lineages. SPP1 and LPL can also be seen in differentiated mesenchymal cells.), results2(Plasma Cells, B Cells (Activated/Mature),Marker Set 2 is overwhelmingly dominated by immunoglobulin (IG) genes (heavy and light chains, J-chain), which are the hallmark of B cells. The presence of TNFRSF17 (BCMA), MZB1, and specific immunoglobulin isotypes further solidifies this identification. LILRB4 and GPRC5D are also known to be expressed by B cells, particularly plasma cells or certain subsets.), results3(Cytotoxic T Lymphocytes (CTLs - CD8+ T cells), Natural Killer (NK) Cells,Marker Set 3 is characteristic of cytotoxic lymphocytes. The high expression of granzymes, perforin, and cytotoxic T lymphocyte-associated molecules are strong indicators. The presence of CD8A and CD8B points towards CD8+ T cells. Additionally, genes associated with Natural Killer (NK) cells and gamma-delta T cells are also present. IFNG and CCL5 are common cytokines/chemokines produced by activated cytotoxic lymphocytes.)\nResults have been written to C:\\Users\\ellio\\OneDrive - UW-Madison\\CASSIA_enjoy\\CASSIA\\Test\\09_subclustering\\results\\python\\installed\\20251201_183110\\outputs\\subcluster_results.csv\n\nSubclustering Results:\n  Output file: subcluster_results.csv\n  Subclusters annotated: 3\n\n  Sample annotations:\n    1: Neural Crest-Derived Cells / Differentiated Mesenchymal Cells\n    2: Plasma Cells / B Cells (Activated/Mature)\n    3: Cytotoxic T Lymphocytes (CTLs - CD8+ T cells) / Natural Killer (NK) Cells\n\n[OK] Test PASSED\n    Duration: 8.06s\n\nConsole output saved to: C:\\Users\\ellio\\OneDrive - UW-Madison\\CASSIA_enjoy\\CASSIA\\Test\\09_subclustering\\results\\python\\installed\\20251201_183110\\logs\\test_log.txt\n",
      "stderr": ""
    },
    {
      "name": "10_symphony_compare",
      "status": "failed",
      "returncode": 1,
      "duration": 1.69,
      "stdout": "Using installed CASSIA package (version: 0.1.9)\n\n============================================================\n  CASSIA TEST: 10 - Symphony Compare\n============================================================\n\nConfiguration:\n  Provider: openrouter\n  Model: google/gemini-2.5-flash-lite\n  Tissue: large intestine\n  Species: human\n",
      "stderr": "Traceback (most recent call last):\n  File \"C:\\Users\\ellio\\OneDrive - UW-Madison\\CASSIA_enjoy\\CASSIA\\Test\\10_symphony_compare\\test_symphony_compare.py\", line 187, in <module>\n    success = run_symphony_compare_test()\n              ^^^^^^^^^^^^^^^^^^^^^^^^^^^\n  File \"C:\\Users\\ellio\\OneDrive - UW-Madison\\CASSIA_enjoy\\CASSIA\\Test\\10_symphony_compare\\test_symphony_compare.py\", line 60, in run_symphony_compare_test\n    from CASSIA import symphonyCompare\nImportError: cannot import name 'symphonyCompare' from 'CASSIA' (D:\\anaconda3\\Lib\\site-packages\\CASSIA\\__init__.py)\n"
    },
    {
      "name": "11_report_generation",
      "status": "failed",
      "returncode": 1,
      "duration": 1.65,
      "stdout": "Using installed CASSIA package (version: 0.1.9)\n\n============================================================\n  CASSIA TEST: 11 - Report Generation\n============================================================\n\nConfiguration:\n  Provider: openrouter\n  Model: google/gemini-2.5-flash-lite\n  Tissue: large intestine\n  Species: human\n",
      "stderr": "Traceback (most recent call last):\n  File \"C:\\Users\\ellio\\OneDrive - UW-Madison\\CASSIA_enjoy\\CASSIA\\Test\\11_report_generation\\test_report_generation.py\", line 275, in <module>\n    success = run_report_generation_test()\n              ^^^^^^^^^^^^^^^^^^^^^^^^^^^^\n  File \"C:\\Users\\ellio\\OneDrive - UW-Madison\\CASSIA_enjoy\\CASSIA\\Test\\11_report_generation\\test_report_generation.py\", line 102, in run_report_generation_test\n    from CASSIA.reports.generate_batch_report import generate_batch_html_report, generate_batch_html_report_from_data\nModuleNotFoundError: No module named 'CASSIA.reports'\n"
    },
    {
      "name": "12_batch_with_reference",
      "status": "failed",
      "returncode": 1,
      "duration": 1.79,
      "stdout": "Using installed CASSIA package (version: 0.1.9)\n\n============================================================\n  CASSIA TEST: 12 - Batch Annotation with Reference\n============================================================\n\nConfiguration:\n  Provider: openrouter\n  Model: google/gemini-2.5-flash-lite\n  Tissue: large intestine\n  Species: human\n",
      "stderr": "Traceback (most recent call last):\n  File \"C:\\Users\\ellio\\OneDrive - UW-Madison\\CASSIA_enjoy\\CASSIA\\Test\\12_batch_with_reference\\test_batch_with_reference.py\", line 131, in <module>\n    success = run_batch_with_reference_test()\n              ^^^^^^^^^^^^^^^^^^^^^^^^^^^^^^^\n  File \"C:\\Users\\ellio\\OneDrive - UW-Madison\\CASSIA_enjoy\\CASSIA\\Test\\12_batch_with_reference\\test_batch_with_reference.py\", line 45, in run_batch_with_reference_test\n    from CASSIA import runCASSIA_batch_with_reference\nImportError: cannot import name 'runCASSIA_batch_with_reference' from 'CASSIA' (D:\\anaconda3\\Lib\\site-packages\\CASSIA\\__init__.py)\n"
    },
    {
      "name": "12_scanpy_format",
      "status": "failed",
      "returncode": 1,
      "duration": 1.82,
      "stdout": "========================================\nTest 1: Load Pre-generated Scanpy Data\n============================================================\n\n--- Testing load of pre-generated Scanpy data ---\nLoaded rank_genes_groups from pickle file\n  Keys: ['params', 'names', 'scores', 'pvals', 'pvals_adj', 'logfoldchanges', 'pcts']\n  Clusters: ['CD4 T cells', 'CD14+ Monocytes', 'B cells', 'CD8 T cells', 'NK cells', 'FCGR3A+ Monocytes', 'Dendritic cells', 'Megakaryocytes']\n  N cells: 2638\n  N genes: 1838\n\nResult: PASSED\n\n============================================================\nTest 2: Scanpy Format Auto-Detection\n============================================================\n\n--- Testing Scanpy format auto-detection ---\nScanpy dict has 'names': True\nScanpy dict has 'scores': True\nShould detect as Scanpy: True\n\nSeurat DataFrame has 'names': False (expected: False)\nSeurat DataFrame has 'scores': False (expected: False)\n\nResult: PASSED\n\n============================================================\nTest 3: get_top_markers() with Scanpy Output\n============================================================\n\n--- Testing get_top_markers() with Scanpy output ---\nScanpy rank_genes_groups structure:\n  Keys: ['params', 'names', 'scores', 'pvals', 'pvals_adj', 'logfoldchanges', 'pcts']\n  Clusters: ['CD4 T cells', 'CD14+ Monocytes', 'B cells', 'CD8 T cells', 'NK cells', 'FCGR3A+ Monocytes', 'Dendritic cells', 'Megakaryocytes']\n  Genes per cluster: 1838\n\nCalling get_top_markers()...\n\nOutput DataFrame:\n  Shape: (0, 0)\n  Columns: []\n\nResult: FAILED\n\n============================================================\nTest 4: SKIPPED (no markers from previous test)\n============================================================\n\n============================================================\n\n[X] Test FAILED\n    Total duration: 0.03s\n\nErrors encountered:\n  - Missing 'cluster' column in output\n  - Missing 'markers' column in output\n  - No clusters returned from get_top_markers\n  - Test 4 skipped due to no markers\n",
      "stderr": ""
    },
    {
      "name": "13_call_llm",
      "status": "failed",
      "returncode": 1,
      "duration": 1.71,
      "stdout": "Using installed CASSIA package (version: 0.1.9)\n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\nsk-tpx8NezgFiN_0bc_OTlGu8dR4frHKGhexTghwC9tZ9T3BlbkFJUivhCaisVncyPkFRkJCFSvROrZ0jNAlw0dHiU4EbYA\n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\nNone\nLoaded API keys from set_api_keys.py\n\n============================================================\n  CASSIA TEST: 13 - call_llm Provider Testing\n============================================================\n\nConfiguration:\n  Provider: openrouter\n  Model: google/gemini-2.5-flash-lite\n  Tissue: large intestine\n  Species: human\n",
      "stderr": "Traceback (most recent call last):\n  File \"C:\\Users\\ellio\\OneDrive - UW-Madison\\CASSIA_enjoy\\CASSIA\\Test\\13_call_llm\\test_call_llm.py\", line 202, in <module>\n    success = run_call_llm_test()\n              ^^^^^^^^^^^^^^^^^^^\n  File \"C:\\Users\\ellio\\OneDrive - UW-Madison\\CASSIA_enjoy\\CASSIA\\Test\\13_call_llm\\test_call_llm.py\", line 62, in run_call_llm_test\n    from CASSIA import call_llm\nImportError: cannot import name 'call_llm' from 'CASSIA' (D:\\anaconda3\\Lib\\site-packages\\CASSIA\\__init__.py)\n"
    },
    {
      "name": "14_input_validation",
      "status": "failed",
      "returncode": 1,
      "duration": 1.92,
      "stdout": "Using installed CASSIA package (version: 0.1.9)\n",
      "stderr": "Traceback (most recent call last):\n  File \"C:\\Users\\ellio\\OneDrive - UW-Madison\\CASSIA_enjoy\\CASSIA\\Test\\14_input_validation\\test_input_validation.py\", line 32, in <module>\n    from CASSIA.core.validation import (\nModuleNotFoundError: No module named 'CASSIA.core'\n"
    },
    {
      "name": "15_cassia_pipeline",
      "status": "failed",
      "returncode": 1,
      "duration": 1.91,
      "stdout": "Using installed CASSIA package (version: 0.1.9)\n\n============================================================\n  CASSIA TEST: 15 - CASSIA Pipeline\n============================================================\n\nConfiguration:\n  Provider: openrouter\n  Model: google/gemini-2.5-flash-lite\n  Tissue: large intestine\n  Species: human\n\nTesting pipeline for 2 clusters:\n  - monocyte\n  - plasma cell\n\nLoaded marker data: (2, 2)\nResults will be saved to: C:\\Users\\ellio\\OneDrive - UW-Madison\\CASSIA_enjoy\\CASSIA\\Test\\15_cassia_pipeline\\results\\python\\installed\\20251201_183131\nConsole output logging enabled: C:\\Users\\ellio\\OneDrive - UW-Madison\\CASSIA_enjoy\\CASSIA\\Test\\15_cassia_pipeline\\results\\python\\installed\\20251201_183131\\logs\\test_log.txt\n\nRunning runCASSIA_pipeline...\n\nError: runCASSIA_pipeline() got an unexpected keyword argument 'marker'\n\n[X] Test FAILED\n    Duration: 0.00s\n\nConsole output saved to: C:\\Users\\ellio\\OneDrive - UW-Madison\\CASSIA_enjoy\\CASSIA\\Test\\15_cassia_pipeline\\results\\python\\installed\\20251201_183131\\logs\\test_log.txt\n",
      "stderr": "Traceback (most recent call last):\n  File \"C:\\Users\\ellio\\OneDrive - UW-Madison\\CASSIA_enjoy\\CASSIA\\Test\\15_cassia_pipeline\\test_cassia_pipeline.py\", line 91, in run_cassia_pipeline_test\n    runCASSIA_pipeline(\nTypeError: runCASSIA_pipeline() got an unexpected keyword argument 'marker'\n"
    }
  ]
}