<!DOCTYPE html>
<html lang="en">
<head>
    <meta charset="UTF-8">
    <meta name="viewport" content="width=device-width, initial-scale=1.0">
    <title>CASSIA Test Report</title>
    <style>
        * { margin: 0; padding: 0; box-sizing: border-box; }
        body {
            font-family: -apple-system, BlinkMacSystemFont, 'Segoe UI', Roboto, Oxygen, Ubuntu, sans-serif;
            background: #f5f5f5;
            padding: 20px;
            line-height: 1.6;
        }
        .container { max-width: 1000px; margin: 0 auto; }
        .header {
            background: linear-gradient(135deg, #667eea 0%, #764ba2 100%);
            color: white;
            padding: 30px;
            border-radius: 10px 10px 0 0;
            text-align: center;
        }
        .header h1 { font-size: 2em; margin-bottom: 10px; }
        .header .meta { opacity: 0.9; font-size: 0.9em; }
        .summary {
            background: white;
            padding: 25px;
            display: grid;
            grid-template-columns: repeat(auto-fit, minmax(120px, 1fr));
            gap: 15px;
            border-bottom: 1px solid #eee;
        }
        .stat {
            text-align: center;
            padding: 15px;
            border-radius: 8px;
        }
        .stat-value { font-size: 2em; font-weight: bold; }
        .stat-label { font-size: 0.85em; color: #666; text-transform: uppercase; }
        .stat.passed { background: #d4edda; color: #155724; }
        .stat.failed { background: #f8d7da; color: #721c24; }
        .stat.errors { background: #fff3cd; color: #856404; }
        .stat.skipped { background: #e2e3e5; color: #383d41; }
        .stat.total { background: #cce5ff; color: #004085; }
        .status-banner {
            background: #dc3545;
            color: white;
            text-align: center;
            padding: 15px;
            font-size: 1.3em;
            font-weight: bold;
        }
        .results {
            background: white;
            border-radius: 0 0 10px 10px;
            overflow: hidden;
        }
        .result-item {
            padding: 15px 25px;
            border-bottom: 1px solid #eee;
            display: flex;
            align-items: center;
            gap: 15px;
        }
        .result-item:last-child { border-bottom: none; }
        .result-item:hover { background: #f8f9fa; }
        .status-badge {
            padding: 5px 12px;
            border-radius: 20px;
            font-size: 0.8em;
            font-weight: bold;
            min-width: 70px;
            text-align: center;
        }
        .status-passed { background: #28a745; color: white; }
        .status-failed { background: #dc3545; color: white; }
        .status-error { background: #ffc107; color: #212529; }
        .status-timeout { background: #fd7e14; color: white; }
        .status-skipped { background: #6c757d; color: white; }
        .test-name { flex: 1; font-weight: 500; }
        .test-duration { color: #666; font-size: 0.9em; }
        .error-details {
            background: #f8f9fa;
            padding: 15px 25px 15px 100px;
            border-bottom: 1px solid #eee;
            font-family: monospace;
            font-size: 0.85em;
            white-space: pre-wrap;
            color: #721c24;
            max-height: 200px;
            overflow-y: auto;
        }
        .info-section {
            background: white;
            margin-top: 20px;
            padding: 20px 25px;
            border-radius: 10px;
        }
        .info-section h3 { margin-bottom: 10px; color: #333; }
        .info-grid {
            display: grid;
            grid-template-columns: 150px 1fr;
            gap: 8px;
            font-size: 0.9em;
        }
        .info-label { color: #666; }
        .info-value { color: #333; }
    </style>
</head>
<body>
    <div class="container">
        <div class="header">
            <h1>CASSIA Test Report</h1>
            <div class="meta">
                2025-12-01 19:12:23 | Mode: installed | Version: 0.3.1
            </div>
        </div>
        <div class="summary">
            <div class="stat total">
                <div class="stat-value">16</div>
                <div class="stat-label">Total</div>
            </div>
            <div class="stat passed">
                <div class="stat-value">1</div>
                <div class="stat-label">Passed</div>
            </div>
            <div class="stat failed">
                <div class="stat-value">15</div>
                <div class="stat-label">Failed</div>
            </div>
            <div class="stat errors">
                <div class="stat-value">0</div>
                <div class="stat-label">Errors</div>
            </div>
            <div class="stat skipped">
                <div class="stat-value">0</div>
                <div class="stat-label">Skipped</div>
            </div>
        </div>
        <div class="status-banner">15 FAILED</div>
        <div class="results">
            <div class="result-item">
                <span class="status-badge status-failed">FAILED</span>
                <span class="test-name">01_single_annotation</span>
                <span class="test-duration">16.7s</span>
            </div>
            <div class="error-details">\anaconda3\Lib\site-packages\CASSIA\agents\annotation_boost\super_annotation_boost.py:46: UserWarning: GSEApy not available - pathway enrichment will use simplified method
  warnings.warn("GSEApy not available - pathway enrichment will use simplified method")
Traceback (most recent call last):
  File "C:\Users\ellio\OneDrive - UW-Madison\CASSIA_enjoy\CASSIA\Test\01_single_annotation\test_single_annotation_install.py", line 160, in &lt;module&gt;
    success = main()
              ^^^^^^
  File "C:\Users\ellio\OneDrive - UW-Madison\CASSIA_enjoy\CASSIA\Test\01_single_annotation\test_single_annotation_install.py", line 149, in main
    logging_context = setup_logging(results_dir)
                      ^^^^^^^^^^^^^^^^^^^^^^^^^^
  File "C:\Users\ellio\OneDrive - UW-Madison\CASSIA_enjoy\CASSIA\Test\shared\python\result_manager.py", line 86, in setup_logging
    log_path = logs_dir / log_filename
               ~~~~~~~~~^~~~~~~~~~~~~~
TypeError: unsupported operand type(s) for /: 'dict' and 'str'
</div>
            <div class="result-item">
                <span class="status-badge status-failed">FAILED</span>
                <span class="test-name">02_batch_annotation</span>
                <span class="test-duration">5.0s</span>
            </div>
            <div class="error-details">D:\anaconda3\Lib\site-packages\CASSIA\agents\annotation_boost\super_annotation_boost.py:46: UserWarning: GSEApy not available - pathway enrichment will use simplified method
  warnings.warn("GSEApy not available - pathway enrichment will use simplified method")
Traceback (most recent call last):
  File "C:\Users\ellio\OneDrive - UW-Madison\CASSIA_enjoy\CASSIA\Test\02_batch_annotation\test_batch_annotation_install.py", line 161, in &lt;module&gt;
    success = main()
              ^^^^^^
  File "C:\Users\ellio\OneDrive - UW-Madison\CASSIA_enjoy\CASSIA\Test\02_batch_annotation\test_batch_annotation_install.py", line 150, in main
    logging_context = setup_logging(results_dir)
                      ^^^^^^^^^^^^^^^^^^^^^^^^^^
  File "C:\Users\ellio\OneDrive - UW-Madison\CASSIA_enjoy\CASSIA\Test\shared\python\result_manager.py", line 86, in setup_logging
    log_path = logs_dir / log_filename
               ~~~~~~~~~^~~~~~~~~~~~~~
TypeError: unsupported operand type(s) for /: 'dict' and 'str'
</div>
            <div class="result-item">
                <span class="status-badge status-failed">FAILED</span>
                <span class="test-name">03_validator_comparison</span>
                <span class="test-duration">5.7s</span>
            </div>
            <div class="error-details">ib\site-packages\CASSIA\agents\annotation_boost\super_annotation_boost.py:46: UserWarning: GSEApy not available - pathway enrichment will use simplified method
  warnings.warn("GSEApy not available - pathway enrichment will use simplified method")
Traceback (most recent call last):
  File "C:\Users\ellio\OneDrive - UW-Madison\CASSIA_enjoy\CASSIA\Test\03_validator_comparison\test_validator_comparison_install.py", line 177, in &lt;module&gt;
    success = main()
              ^^^^^^
  File "C:\Users\ellio\OneDrive - UW-Madison\CASSIA_enjoy\CASSIA\Test\03_validator_comparison\test_validator_comparison_install.py", line 166, in main
    logging_context = setup_logging(results_dir)
                      ^^^^^^^^^^^^^^^^^^^^^^^^^^
  File "C:\Users\ellio\OneDrive - UW-Madison\CASSIA_enjoy\CASSIA\Test\shared\python\result_manager.py", line 86, in setup_logging
    log_path = logs_dir / log_filename
               ~~~~~~~~~^~~~~~~~~~~~~~
TypeError: unsupported operand type(s) for /: 'dict' and 'str'
</div>
            <div class="result-item">
                <span class="status-badge status-failed">FAILED</span>
                <span class="test-name">04_quality_scoring</span>
                <span class="test-duration">5.9s</span>
            </div>
            <div class="error-details">D:\anaconda3\Lib\site-packages\CASSIA\agents\annotation_boost\super_annotation_boost.py:46: UserWarning: GSEApy not available - pathway enrichment will use simplified method
  warnings.warn("GSEApy not available - pathway enrichment will use simplified method")
Traceback (most recent call last):
  File "C:\Users\ellio\OneDrive - UW-Madison\CASSIA_enjoy\CASSIA\Test\04_quality_scoring\test_quality_scoring_install.py", line 207, in &lt;module&gt;
    success = main()
              ^^^^^^
  File "C:\Users\ellio\OneDrive - UW-Madison\CASSIA_enjoy\CASSIA\Test\04_quality_scoring\test_quality_scoring_install.py", line 196, in main
    logging_context = setup_logging(results_dir)
                      ^^^^^^^^^^^^^^^^^^^^^^^^^^
  File "C:\Users\ellio\OneDrive - UW-Madison\CASSIA_enjoy\CASSIA\Test\shared\python\result_manager.py", line 86, in setup_logging
    log_path = logs_dir / log_filename
               ~~~~~~~~~^~~~~~~~~~~~~~
TypeError: unsupported operand type(s) for /: 'dict' and 'str'
</div>
            <div class="result-item">
                <span class="status-badge status-failed">FAILED</span>
                <span class="test-name">05_model_settings</span>
                <span class="test-duration">6.0s</span>
            </div>
            <div class="error-details">D:\anaconda3\Lib\site-packages\CASSIA\agents\annotation_boost\super_annotation_boost.py:46: UserWarning: GSEApy not available - pathway enrichment will use simplified method
  warnings.warn("GSEApy not available - pathway enrichment will use simplified method")
Traceback (most recent call last):
  File "C:\Users\ellio\OneDrive - UW-Madison\CASSIA_enjoy\CASSIA\Test\05_model_settings\test_model_settings_install.py", line 205, in &lt;module&gt;
    success = main()
              ^^^^^^
  File "C:\Users\ellio\OneDrive - UW-Madison\CASSIA_enjoy\CASSIA\Test\05_model_settings\test_model_settings_install.py", line 194, in main
    logging_context = setup_logging(results_dir)
                      ^^^^^^^^^^^^^^^^^^^^^^^^^^
  File "C:\Users\ellio\OneDrive - UW-Madison\CASSIA_enjoy\CASSIA\Test\shared\python\result_manager.py", line 86, in setup_logging
    log_path = logs_dir / log_filename
               ~~~~~~~~~^~~~~~~~~~~~~~
TypeError: unsupported operand type(s) for /: 'dict' and 'str'
</div>
            <div class="result-item">
                <span class="status-badge status-failed">FAILED</span>
                <span class="test-name">06_annotation_boost</span>
                <span class="test-duration">5.7s</span>
            </div>
            <div class="error-details">D:\anaconda3\Lib\site-packages\CASSIA\agents\annotation_boost\super_annotation_boost.py:46: UserWarning: GSEApy not available - pathway enrichment will use simplified method
  warnings.warn("GSEApy not available - pathway enrichment will use simplified method")
Traceback (most recent call last):
  File "C:\Users\ellio\OneDrive - UW-Madison\CASSIA_enjoy\CASSIA\Test\06_annotation_boost\test_annotation_boost_install.py", line 225, in &lt;module&gt;
    success = main()
              ^^^^^^
  File "C:\Users\ellio\OneDrive - UW-Madison\CASSIA_enjoy\CASSIA\Test\06_annotation_boost\test_annotation_boost_install.py", line 214, in main
    logging_context = setup_logging(results_dir)
                      ^^^^^^^^^^^^^^^^^^^^^^^^^^
  File "C:\Users\ellio\OneDrive - UW-Madison\CASSIA_enjoy\CASSIA\Test\shared\python\result_manager.py", line 86, in setup_logging
    log_path = logs_dir / log_filename
               ~~~~~~~~~^~~~~~~~~~~~~~
TypeError: unsupported operand type(s) for /: 'dict' and 'str'
</div>
            <div class="result-item">
                <span class="status-badge status-failed">FAILED</span>
                <span class="test-name">07_merging_annotation</span>
                <span class="test-duration">6.1s</span>
            </div>
            <div class="error-details">conda3\Lib\site-packages\CASSIA\agents\annotation_boost\super_annotation_boost.py:46: UserWarning: GSEApy not available - pathway enrichment will use simplified method
  warnings.warn("GSEApy not available - pathway enrichment will use simplified method")
Traceback (most recent call last):
  File "C:\Users\ellio\OneDrive - UW-Madison\CASSIA_enjoy\CASSIA\Test\07_merging_annotation\test_merging_annotation_install.py", line 215, in &lt;module&gt;
    success = main()
              ^^^^^^
  File "C:\Users\ellio\OneDrive - UW-Madison\CASSIA_enjoy\CASSIA\Test\07_merging_annotation\test_merging_annotation_install.py", line 204, in main
    logging_context = setup_logging(results_dir)
                      ^^^^^^^^^^^^^^^^^^^^^^^^^^
  File "C:\Users\ellio\OneDrive - UW-Madison\CASSIA_enjoy\CASSIA\Test\shared\python\result_manager.py", line 86, in setup_logging
    log_path = logs_dir / log_filename
               ~~~~~~~~~^~~~~~~~~~~~~~
TypeError: unsupported operand type(s) for /: 'dict' and 'str'
</div>
            <div class="result-item">
                <span class="status-badge status-failed">FAILED</span>
                <span class="test-name">08_uncertainty_quantification</span>
                <span class="test-duration">5.5s</span>
            </div>
            <div class="error-details">agents\annotation_boost\super_annotation_boost.py:46: UserWarning: GSEApy not available - pathway enrichment will use simplified method
  warnings.warn("GSEApy not available - pathway enrichment will use simplified method")
Traceback (most recent call last):
  File "C:\Users\ellio\OneDrive - UW-Madison\CASSIA_enjoy\CASSIA\Test\08_uncertainty_quantification\test_uncertainty_quantification_install.py", line 172, in &lt;module&gt;
    success = main()
              ^^^^^^
  File "C:\Users\ellio\OneDrive - UW-Madison\CASSIA_enjoy\CASSIA\Test\08_uncertainty_quantification\test_uncertainty_quantification_install.py", line 161, in main
    logging_context = setup_logging(results_dir)
                      ^^^^^^^^^^^^^^^^^^^^^^^^^^
  File "C:\Users\ellio\OneDrive - UW-Madison\CASSIA_enjoy\CASSIA\Test\shared\python\result_manager.py", line 86, in setup_logging
    log_path = logs_dir / log_filename
               ~~~~~~~~~^~~~~~~~~~~~~~
TypeError: unsupported operand type(s) for /: 'dict' and 'str'
</div>
            <div class="result-item">
                <span class="status-badge status-failed">FAILED</span>
                <span class="test-name">09_subclustering</span>
                <span class="test-duration">6.0s</span>
            </div>
            <div class="error-details">D:\anaconda3\Lib\site-packages\CASSIA\agents\annotation_boost\super_annotation_boost.py:46: UserWarning: GSEApy not available - pathway enrichment will use simplified method
  warnings.warn("GSEApy not available - pathway enrichment will use simplified method")
Traceback (most recent call last):
  File "C:\Users\ellio\OneDrive - UW-Madison\CASSIA_enjoy\CASSIA\Test\09_subclustering\test_subclustering_install.py", line 165, in &lt;module&gt;
    success = main()
              ^^^^^^
  File "C:\Users\ellio\OneDrive - UW-Madison\CASSIA_enjoy\CASSIA\Test\09_subclustering\test_subclustering_install.py", line 154, in main
    logging_context = setup_logging(results_dir)
                      ^^^^^^^^^^^^^^^^^^^^^^^^^^
  File "C:\Users\ellio\OneDrive - UW-Madison\CASSIA_enjoy\CASSIA\Test\shared\python\result_manager.py", line 86, in setup_logging
    log_path = logs_dir / log_filename
               ~~~~~~~~~^~~~~~~~~~~~~~
TypeError: unsupported operand type(s) for /: 'dict' and 'str'
</div>
            <div class="result-item">
                <span class="status-badge status-failed">FAILED</span>
                <span class="test-name">10_symphony_compare</span>
                <span class="test-duration">6.4s</span>
            </div>
            <div class="error-details">D:\anaconda3\Lib\site-packages\CASSIA\agents\annotation_boost\super_annotation_boost.py:46: UserWarning: GSEApy not available - pathway enrichment will use simplified method
  warnings.warn("GSEApy not available - pathway enrichment will use simplified method")
Traceback (most recent call last):
  File "C:\Users\ellio\OneDrive - UW-Madison\CASSIA_enjoy\CASSIA\Test\10_symphony_compare\test_symphony_compare_install.py", line 169, in &lt;module&gt;
    success = main()
              ^^^^^^
  File "C:\Users\ellio\OneDrive - UW-Madison\CASSIA_enjoy\CASSIA\Test\10_symphony_compare\test_symphony_compare_install.py", line 158, in main
    logging_context = setup_logging(results_dir)
                      ^^^^^^^^^^^^^^^^^^^^^^^^^^
  File "C:\Users\ellio\OneDrive - UW-Madison\CASSIA_enjoy\CASSIA\Test\shared\python\result_manager.py", line 86, in setup_logging
    log_path = logs_dir / log_filename
               ~~~~~~~~~^~~~~~~~~~~~~~
TypeError: unsupported operand type(s) for /: 'dict' and 'str'
</div>
            <div class="result-item">
                <span class="status-badge status-failed">FAILED</span>
                <span class="test-name">11_report_generation</span>
                <span class="test-duration">6.0s</span>
            </div>
            <div class="error-details">\anaconda3\Lib\site-packages\CASSIA\agents\annotation_boost\super_annotation_boost.py:46: UserWarning: GSEApy not available - pathway enrichment will use simplified method
  warnings.warn("GSEApy not available - pathway enrichment will use simplified method")
Traceback (most recent call last):
  File "C:\Users\ellio\OneDrive - UW-Madison\CASSIA_enjoy\CASSIA\Test\11_report_generation\test_report_generation_install.py", line 236, in &lt;module&gt;
    success = main()
              ^^^^^^
  File "C:\Users\ellio\OneDrive - UW-Madison\CASSIA_enjoy\CASSIA\Test\11_report_generation\test_report_generation_install.py", line 225, in main
    logging_context = setup_logging(results_dir)
                      ^^^^^^^^^^^^^^^^^^^^^^^^^^
  File "C:\Users\ellio\OneDrive - UW-Madison\CASSIA_enjoy\CASSIA\Test\shared\python\result_manager.py", line 86, in setup_logging
    log_path = logs_dir / log_filename
               ~~~~~~~~~^~~~~~~~~~~~~~
TypeError: unsupported operand type(s) for /: 'dict' and 'str'
</div>
            <div class="result-item">
                <span class="status-badge status-failed">FAILED</span>
                <span class="test-name">12_batch_with_reference</span>
                <span class="test-duration">6.1s</span>
            </div>
            <div class="error-details">ib\site-packages\CASSIA\agents\annotation_boost\super_annotation_boost.py:46: UserWarning: GSEApy not available - pathway enrichment will use simplified method
  warnings.warn("GSEApy not available - pathway enrichment will use simplified method")
Traceback (most recent call last):
  File "C:\Users\ellio\OneDrive - UW-Madison\CASSIA_enjoy\CASSIA\Test\12_batch_with_reference\test_batch_with_reference_install.py", line 140, in &lt;module&gt;
    success = main()
              ^^^^^^
  File "C:\Users\ellio\OneDrive - UW-Madison\CASSIA_enjoy\CASSIA\Test\12_batch_with_reference\test_batch_with_reference_install.py", line 129, in main
    logging_context = setup_logging(results_dir)
                      ^^^^^^^^^^^^^^^^^^^^^^^^^^
  File "C:\Users\ellio\OneDrive - UW-Madison\CASSIA_enjoy\CASSIA\Test\shared\python\result_manager.py", line 86, in setup_logging
    log_path = logs_dir / log_filename
               ~~~~~~~~~^~~~~~~~~~~~~~
TypeError: unsupported operand type(s) for /: 'dict' and 'str'
</div>
            <div class="result-item">
                <span class="status-badge status-passed">PASSED</span>
                <span class="test-name">12_scanpy_format</span>
                <span class="test-duration">45.9s</span>
            </div>
            <div class="result-item">
                <span class="status-badge status-failed">FAILED</span>
                <span class="test-name">13_call_llm</span>
                <span class="test-duration">5.6s</span>
            </div>
            <div class="error-details">D:\anaconda3\Lib\site-packages\CASSIA\agents\annotation_boost\super_annotation_boost.py:46: UserWarning: GSEApy not available - pathway enrichment will use simplified method
  warnings.warn("GSEApy not available - pathway enrichment will use simplified method")
Traceback (most recent call last):
  File "C:\Users\ellio\OneDrive - UW-Madison\CASSIA_enjoy\CASSIA\Test\13_call_llm\test_call_llm_install.py", line 202, in &lt;module&gt;
    success = main()
              ^^^^^^
  File "C:\Users\ellio\OneDrive - UW-Madison\CASSIA_enjoy\CASSIA\Test\13_call_llm\test_call_llm_install.py", line 191, in main
    logging_context = setup_logging(results_dir)
                      ^^^^^^^^^^^^^^^^^^^^^^^^^^
  File "C:\Users\ellio\OneDrive - UW-Madison\CASSIA_enjoy\CASSIA\Test\shared\python\result_manager.py", line 86, in setup_logging
    log_path = logs_dir / log_filename
               ~~~~~~~~~^~~~~~~~~~~~~~
TypeError: unsupported operand type(s) for /: 'dict' and 'str'
</div>
            <div class="result-item">
                <span class="status-badge status-failed">FAILED</span>
                <span class="test-name">14_input_validation</span>
                <span class="test-duration">5.5s</span>
            </div>
            <div class="error-details">\anaconda3\Lib\site-packages\CASSIA\agents\annotation_boost\super_annotation_boost.py:46: UserWarning: GSEApy not available - pathway enrichment will use simplified method
  warnings.warn("GSEApy not available - pathway enrichment will use simplified method")
Traceback (most recent call last):
  File "C:\Users\ellio\OneDrive - UW-Madison\CASSIA_enjoy\CASSIA\Test\14_input_validation\test_input_validation_install.py", line 266, in &lt;module&gt;
    exit_code = main()
                ^^^^^^
  File "C:\Users\ellio\OneDrive - UW-Madison\CASSIA_enjoy\CASSIA\Test\14_input_validation\test_input_validation_install.py", line 255, in main
    logging_context = setup_logging(results_dir)
                      ^^^^^^^^^^^^^^^^^^^^^^^^^^
  File "C:\Users\ellio\OneDrive - UW-Madison\CASSIA_enjoy\CASSIA\Test\shared\python\result_manager.py", line 86, in setup_logging
    log_path = logs_dir / log_filename
               ~~~~~~~~~^~~~~~~~~~~~~~
TypeError: unsupported operand type(s) for /: 'dict' and 'str'
</div>
            <div class="result-item">
                <span class="status-badge status-failed">FAILED</span>
                <span class="test-name">15_cassia_pipeline</span>
                <span class="test-duration">5.7s</span>
            </div>
            <div class="error-details">D:\anaconda3\Lib\site-packages\CASSIA\agents\annotation_boost\super_annotation_boost.py:46: UserWarning: GSEApy not available - pathway enrichment will use simplified method
  warnings.warn("GSEApy not available - pathway enrichment will use simplified method")
Traceback (most recent call last):
  File "C:\Users\ellio\OneDrive - UW-Madison\CASSIA_enjoy\CASSIA\Test\15_cassia_pipeline\test_cassia_pipeline_install.py", line 193, in &lt;module&gt;
    success = main()
              ^^^^^^
  File "C:\Users\ellio\OneDrive - UW-Madison\CASSIA_enjoy\CASSIA\Test\15_cassia_pipeline\test_cassia_pipeline_install.py", line 181, in main
    logging_context = setup_logging(results_dir)
                      ^^^^^^^^^^^^^^^^^^^^^^^^^^
  File "C:\Users\ellio\OneDrive - UW-Madison\CASSIA_enjoy\CASSIA\Test\shared\python\result_manager.py", line 86, in setup_logging
    log_path = logs_dir / log_filename
               ~~~~~~~~~^~~~~~~~~~~~~~
TypeError: unsupported operand type(s) for /: 'dict' and 'str'
</div>
        </div>
        <div class="info-section">
            <h3>Test Environment</h3>
            <div class="info-grid">
                <span class="info-label">Mode:</span>
                <span class="info-value">installed</span>
                <span class="info-label">Version:</span>
                <span class="info-value">0.3.1</span>
                <span class="info-label">Location:</span>
                <span class="info-value">D:\anaconda3\Lib\site-packages</span>
                <span class="info-label">Total Duration:</span>
                <span class="info-value">143.6s</span>
            </div>
        </div>
    </div>
</body>
</html>
